# JRE version: OpenJDK Runtime Environment (8.0_212-b04) (build 1.8.0_212-release-1586-b04)
# Java VM: OpenJDK 64-Bit Server VM (25.212-b04 mixed mode windows-amd64 compressed oops)
Heap:
 PSYoungGen      total 71680K, used 28703K [0x00000000d5f80000, 0x00000000daa80000, 0x0000000100000000)
  eden space 66560K, 43% used [0x00000000d5f80000,0x00000000d7b87e70,0x00000000da080000)
  from space 5120K, 0% used [0x00000000da080000,0x00000000da080000,0x00000000da580000)
  to   space 5120K, 0% used [0x00000000da580000,0x00000000da580000,0x00000000daa80000)
 ParOldGen       total 66560K, used 18427K [0x0000000081e00000, 0x0000000085f00000, 0x00000000d5f80000)
  object space 66560K, 27% used [0x0000000081e00000,0x0000000082ffed28,0x0000000085f00000)
 Metaspace       used 38695K, capacity 39393K, committed 39728K, reserved 1083392K
  class space    used 4921K, capacity 5097K, committed 5168K, reserved 1048576K
GC Heap History (10 events):
Event: 1.133 GC heap before
{Heap before GC invocations=3 (full 0):
 PSYoungGen      total 71680K, used 23999K [0x00000000d5f80000, 0x00000000daa80000, 0x0000000100000000)
  eden space 66560K, 28% used [0x00000000d5f80000,0x00000000d71f4790,0x00000000da080000)
  from space 5120K, 99% used [0x00000000da580000,0x00000000daa7b7f8,0x00000000daa80000)
  to   space 5120K, 0% used [0x00000000da080000,0x00000000da080000,0x00000000da580000)
 ParOldGen       total 87552K, used 8298K [0x0000000081e00000, 0x0000000087380000, 0x00000000d5f80000)
  object space 87552K, 9% used [0x0000000081e00000,0x000000008261a8d8,0x0000000087380000)
 Metaspace       used 20750K, capacity 21158K, committed 21296K, reserved 1069056K
  class space    used 2467K, capacity 2589K, committed 2608K, reserved 1048576K
Event: 1.139 GC heap after
Heap after GC invocations=3 (full 0):
 PSYoungGen      total 71680K, used 5106K [0x00000000d5f80000, 0x00000000daa80000, 0x0000000100000000)
  eden space 66560K, 0% used [0x00000000d5f80000,0x00000000d5f80000,0x00000000da080000)
  from space 5120K, 99% used [0x00000000da080000,0x00000000da57c828,0x00000000da580000)
  to   space 5120K, 0% used [0x00000000da580000,0x00000000da580000,0x00000000daa80000)
 ParOldGen       total 87552K, used 12445K [0x0000000081e00000, 0x0000000087380000, 0x00000000d5f80000)
  object space 87552K, 14% used [0x0000000081e00000,0x0000000082a277d8,0x0000000087380000)
 Metaspace       used 20750K, capacity 21158K, committed 21296K, reserved 1069056K
  class space    used 2467K, capacity 2589K, committed 2608K, reserved 1048576K
}
Event: 1.139 GC heap before
{Heap before GC invocations=4 (full 1):
 PSYoungGen      total 71680K, used 5106K [0x00000000d5f80000, 0x00000000daa80000, 0x0000000100000000)
  eden space 66560K, 0% used [0x00000000d5f80000,0x00000000d5f80000,0x00000000da080000)
  from space 5120K, 99% used [0x00000000da080000,0x00000000da57c828,0x00000000da580000)
  to   space 5120K, 0% used [0x00000000da580000,0x00000000da580000,0x00000000daa80000)
 ParOldGen       total 87552K, used 12445K [0x0000000081e00000, 0x0000000087380000, 0x00000000d5f80000)
  object space 87552K, 14% used [0x0000000081e00000,0x0000000082a277d8,0x0000000087380000)
 Metaspace       used 20750K, capacity 21158K, committed 21296K, reserved 1069056K
  class space    used 2467K, capacity 2589K, committed 2608K, reserved 1048576K
Event: 1.165 GC heap after
Heap after GC invocations=4 (full 1):
 PSYoungGen      total 71680K, used 0K [0x00000000d5f80000, 0x00000000daa80000, 0x0000000100000000)
  eden space 66560K, 0% used [0x00000000d5f80000,0x00000000d5f80000,0x00000000da080000)
  from space 5120K, 0% used [0x00000000da080000,0x00000000da080000,0x00000000da580000)
  to   space 5120K, 0% used [0x00000000da580000,0x00000000da580000,0x00000000daa80000)
 ParOldGen       total 66560K, used 9223K [0x0000000081e00000, 0x0000000085f00000, 0x00000000d5f80000)
  object space 66560K, 13% used [0x0000000081e00000,0x0000000082701f80,0x0000000085f00000)
 Metaspace       used 20750K, capacity 21158K, committed 21296K, reserved 1069056K
  class space    used 2467K, capacity 2589K, committed 2608K, reserved 1048576K
}
Event: 1.914 GC heap before
{Heap before GC invocations=5 (full 1):
 PSYoungGen      total 71680K, used 66560K [0x00000000d5f80000, 0x00000000daa80000, 0x0000000100000000)
  eden space 66560K, 100% used [0x00000000d5f80000,0x00000000da080000,0x00000000da080000)
  from space 5120K, 0% used [0x00000000da080000,0x00000000da080000,0x00000000da580000)
  to   space 5120K, 0% used [0x00000000da580000,0x00000000da580000,0x00000000daa80000)
 ParOldGen       total 66560K, used 9223K [0x0000000081e00000, 0x0000000085f00000, 0x00000000d5f80000)
  object space 66560K, 13% used [0x0000000081e00000,0x0000000082701f80,0x0000000085f00000)
 Metaspace       used 30496K, capacity 30990K, committed 31280K, reserved 1077248K
  class space    used 3919K, capacity 4082K, committed 4144K, reserved 1048576K
Event: 1.923 GC heap after
Heap after GC invocations=5 (full 1):
 PSYoungGen      total 71680K, used 5090K [0x00000000d5f80000, 0x00000000daa80000, 0x0000000100000000)
  eden space 66560K, 0% used [0x00000000d5f80000,0x00000000d5f80000,0x00000000da080000)
  from space 5120K, 99% used [0x00000000da580000,0x00000000daa78918,0x00000000daa80000)
  to   space 5120K, 0% used [0x00000000da080000,0x00000000da080000,0x00000000da580000)
 ParOldGen       total 66560K, used 21015K [0x0000000081e00000, 0x0000000085f00000, 0x00000000d5f80000)
  object space 66560K, 31% used [0x0000000081e00000,0x0000000083285ed0,0x0000000085f00000)
 Metaspace       used 30496K, capacity 30990K, committed 31280K, reserved 1077248K
  class space    used 3919K, capacity 4082K, committed 4144K, reserved 1048576K
}
Event: 2.241 GC heap before
{Heap before GC invocations=6 (full 1):
 PSYoungGen      total 71680K, used 26604K [0x00000000d5f80000, 0x00000000daa80000, 0x0000000100000000)
  eden space 66560K, 32% used [0x00000000d5f80000,0x00000000d7482aa8,0x00000000da080000)
  from space 5120K, 99% used [0x00000000da580000,0x00000000daa78918,0x00000000daa80000)
  to   space 5120K, 0% used [0x00000000da080000,0x00000000da080000,0x00000000da580000)
 ParOldGen       total 66560K, used 21015K [0x0000000081e00000, 0x0000000085f00000, 0x00000000d5f80000)
  object space 66560K, 31% used [0x0000000081e00000,0x0000000083285ed0,0x0000000085f00000)
 Metaspace       used 34672K, capacity 35223K, committed 35496K, reserved 1081344K
  class space    used 4438K, capacity 4578K, committed 4656K, reserved 1048576K
Event: 2.248 GC heap after
Heap after GC invocations=6 (full 1):
 PSYoungGen      total 71680K, used 5091K [0x00000000d5f80000, 0x00000000daa80000, 0x0000000100000000)
  eden space 66560K, 0% used [0x00000000d5f80000,0x00000000d5f80000,0x00000000da080000)
  from space 5120K, 99% used [0x00000000da080000,0x00000000da578f60,0x00000000da580000)
  to   space 5120K, 0% used [0x00000000da580000,0x00000000da580000,0x00000000daa80000)
 ParOldGen       total 66560K, used 26196K [0x0000000081e00000, 0x0000000085f00000, 0x00000000d5f80000)
  object space 66560K, 39% used [0x0000000081e00000,0x0000000083795300,0x0000000085f00000)
 Metaspace       used 34672K, capacity 35223K, committed 35496K, reserved 1081344K
  class space    used 4438K, capacity 4578K, committed 4656K, reserved 1048576K
}
Event: 2.248 GC heap before
{Heap before GC invocations=7 (full 2):
 PSYoungGen      total 71680K, used 5091K [0x00000000d5f80000, 0x00000000daa80000, 0x0000000100000000)
  eden space 66560K, 0% used [0x00000000d5f80000,0x00000000d5f80000,0x00000000da080000)
  from space 5120K, 99% used [0x00000000da080000,0x00000000da578f60,0x00000000da580000)
  to   space 5120K, 0% used [0x00000000da580000,0x00000000da580000,0x00000000daa80000)
 ParOldGen       total 66560K, used 26196K [0x0000000081e00000, 0x0000000085f00000, 0x00000000d5f80000)
  object space 66560K, 39% used [0x0000000081e00000,0x0000000083795300,0x0000000085f00000)
 Metaspace       used 34672K, capacity 35223K, committed 35496K, reserved 1081344K
  class space    used 4438K, capacity 4578K, committed 4656K, reserved 1048576K
Event: 2.304 GC heap after
Heap after GC invocations=7 (full 2):
 PSYoungGen      total 71680K, used 0K [0x00000000d5f80000, 0x00000000daa80000, 0x0000000100000000)
  eden space 66560K, 0% used [0x00000000d5f80000,0x00000000d5f80000,0x00000000da080000)
  from space 5120K, 0% used [0x00000000da080000,0x00000000da080000,0x00000000da580000)
  to   space 5120K, 0% used [0x00000000da580000,0x00000000da580000,0x00000000daa80000)
 ParOldGen       total 66560K, used 18427K [0x0000000081e00000, 0x0000000085f00000, 0x00000000d5f80000)
  object space 66560K, 27% used [0x0000000081e00000,0x0000000082ffed28,0x0000000085f00000)
 Metaspace       used 34672K, capacity 35223K, committed 35496K, reserved 1081344K
  class space    used 4438K, capacity 4578K, committed 4656K, reserved 1048576K
}

